<?xml version="1.0" encoding="UTF-8"?>
<!-- Generated by org.testng.reporters.JUnitReportReporter -->
<testsuite hostname="DM277" name="com.pelican.jdbc.runner.TestRunner" tests="1" failures="0" timestamp="3 Oct 2018 14:52:27 GMT" time="1.514" errors="0">
  <testcase name="feature" time="1.514" classname="com.pelican.jdbc.runner.TestRunner"/>
</testsuite> <!-- com.pelican.jdbc.runner.TestRunner -->
