<?xml version="1.0" encoding="UTF-8"?>
<!-- Generated by org.testng.reporters.JUnitReportReporter -->
<testsuite hostname="DM277" name="com.pelican.jdbc.stepDef.MyHoliday" tests="1" failures="0" timestamp="3 Oct 2018 09:59:01 GMT" time="0.047" errors="0">
  <testcase name="DbTest" time="0.047" classname="com.pelican.jdbc.stepDef.MyHoliday"/>
</testsuite> <!-- com.pelican.jdbc.stepDef.MyHoliday -->
