<?xml version="1.0" encoding="UTF-8"?>
<!-- Generated by org.testng.reporters.JUnitReportReporter -->
<testsuite hostname="DM277" name="com.pelican.jdbc.stepDef.TC_LoginTest" tests="1" failures="0" timestamp="3 Oct 2018 11:25:45 GMT" time="37.206" errors="0">
  <testcase name="loginTest" time="37.206" classname="com.pelican.jdbc.stepDef.TC_LoginTest"/>
</testsuite> <!-- com.pelican.jdbc.stepDef.TC_LoginTest -->
