<?xml version="1.0" encoding="UTF-8"?>
<!-- Generated by org.testng.reporters.JUnitReportReporter -->
<testsuite hostname="DM277" name="com.pelican.jdbc.DBTest" tests="1" failures="0" timestamp="27 Sep 2018 13:06:43 GMT" time="0.015" errors="0">
  <testcase name="test1" time="0.015" classname="com.pelican.jdbc.DBTest"/>
</testsuite> <!-- com.pelican.jdbc.DBTest -->
